<?xml version="1.0" encoding="UTF-8"?>
<testng-results skipped="0" failed="0" total="1" passed="1">
  <reporter-output>
  </reporter-output>
  <suite name="BDD Test Suite" duration-ms="12651" started-at="2020-06-16T01:21:15Z" finished-at="2020-06-16T01:21:28Z">
    <groups>
      <group name="cucumber">
        <method signature="TestRunner.feature(cucumber.api.testng.CucumberFeatureWrapper)[pri:0, instance:TestRunner@1936f0f5]" name="feature" class="TestRunner"/>
      </group> <!-- cucumber -->
    </groups>
    <test name="Login and Update Profile Test" duration-ms="12651" started-at="2020-06-16T01:21:15Z" finished-at="2020-06-16T01:21:28Z">
      <class name="TestRunner">
        <test-method status="PASS" signature="setUpClass()[pri:0, instance:TestRunner@1936f0f5]" name="setUpClass" is-config="true" duration-ms="235" started-at="2020-06-16T02:21:15Z" finished-at="2020-06-16T02:21:15Z">
          <reporter-output>
          </reporter-output>
        </test-method> <!-- setUpClass -->
        <test-method status="PASS" signature="feature(cucumber.api.testng.CucumberFeatureWrapper)[pri:0, instance:TestRunner@1936f0f5]" name="feature" duration-ms="12306" started-at="2020-06-16T02:21:15Z" description="Runs Cucumber Feature" data-provider="features" finished-at="2020-06-16T02:21:28Z">
          <params>
            <param index="0">
              <value>
                <![CDATA[connection]]>
              </value>
            </param>
          </params>
          <reporter-output>
          </reporter-output>
        </test-method> <!-- feature -->
        <test-method status="PASS" signature="tearDownClass()[pri:0, instance:TestRunner@1936f0f5]" name="tearDownClass" is-config="true" duration-ms="45" started-at="2020-06-16T02:21:28Z" finished-at="2020-06-16T02:21:28Z">
          <reporter-output>
          </reporter-output>
        </test-method> <!-- tearDownClass -->
      </class> <!-- TestRunner -->
    </test> <!-- Login and Update Profile Test -->
  </suite> <!-- BDD Test Suite -->
</testng-results>
